<?xml version="1.0" encoding="UTF-8"?>
<!-- Generated by org.testng.reporters.JUnitReportReporter -->
<testsuite hostname="User" failures="0" tests="1" name="testNG.ParametrizationXML" time="20.417" errors="0" timestamp="2021-02-07T20:05:22 EST" skipped="0">
  <testcase classname="testNG.ParametrizationXML" name="positiveSignFunctionality" time="20.417"/>
  <system-out/>
</testsuite> <!-- testNG.ParametrizationXML -->
