<?xml version="1.0" encoding="UTF-8"?>
<!-- Generated by org.testng.reporters.JUnitReportReporter -->
<testsuite hostname="User" failures="0" tests="2" name="testNG.UnderstandingSequenceOfAnnotations" time="0.032" errors="0" timestamp="2021-01-31T19:29:10 EST" skipped="0">
  <testcase classname="testNG.UnderstandingSequenceOfAnnotations" name="test1" time="0.026"/>
  <system-out/>
  <testcase classname="testNG.UnderstandingSequenceOfAnnotations" name="test2" time="0.006"/>
  <system-out/>
</testsuite> <!-- testNG.UnderstandingSequenceOfAnnotations -->
