<?xml version="1.0" encoding="UTF-8"?>
<!-- Generated by org.testng.reporters.JUnitReportReporter -->
<testsuite hostname="User" failures="0" tests="3" name="testNG.BasicTestNGScript" time="0.026" errors="0" timestamp="2021-01-30T20:40:26 EST" skipped="0">
  <testcase classname="testNG.BasicTestNGScript" name="test2" time="0.002"/>
  <system-out/>
  <testcase classname="testNG.BasicTestNGScript" name="test3" time="0.015"/>
  <system-out/>
  <testcase classname="testNG.BasicTestNGScript" name="test1" time="0.009"/>
  <system-out/>
</testsuite> <!-- testNG.BasicTestNGScript -->
