<?xml version="1.0" encoding="UTF-8"?>
<!-- Generated by org.testng.reporters.JUnitReportReporter -->
<testsuite hostname="User" failures="0" tests="3" name="testNG.FirstTestNGframework" time="51.570" errors="0" timestamp="2021-01-30T20:55:42 EST" skipped="0">
  <testcase classname="testNG.FirstTestNGframework" name="clickSignOnLink" time="14.090"/>
  <system-out/>
  <testcase classname="testNG.FirstTestNGframework" name="clickSupportLink" time="12.081"/>
  <system-out/>
  <testcase classname="testNG.FirstTestNGframework" name="clickRegisterLink" time="25.399"/>
  <system-out/>
</testsuite> <!-- testNG.FirstTestNGframework -->
