<?xml version="1.0" encoding="UTF-8"?>
<!-- Generated by org.testng.reporters.JUnitReportReporter -->
<testsuite hostname="User" failures="0" tests="2" name="testNG.UnderstandingPropertyFile" time="29.678" errors="0" timestamp="2021-02-07T19:39:09 EST" skipped="0">
  <testcase classname="testNG.UnderstandingPropertyFile" name="negativeSignFunctionality" time="11.410"/>
  <system-out/>
  <testcase classname="testNG.UnderstandingPropertyFile" name="positiveSignFunctionality" time="18.268"/>
  <system-out/>
</testsuite> <!-- testNG.UnderstandingPropertyFile -->
